Method: createReservation, Latency: 0.09265604 seconds
Method: createReservation, Latency: 0.008442787 seconds
Method: createReservation, Latency: 0.007976407 seconds
Method: createReservation, Latency: 0.009152932 seconds
Method: createReservation, Latency: 0.00770648 seconds
Method: createReservation, Latency: 0.008280051 seconds
Method: createReservation, Latency: 0.00787208 seconds
Method: createReservation, Latency: 0.007611703 seconds
Method: createReservation, Latency: 0.007203659 seconds
Method: createReservation, Latency: 0.008835917 seconds
Method: createReservation, Latency: 0.006722936 seconds
Method: createReservation, Latency: 0.00803016 seconds
Method: createReservation, Latency: 0.007640627 seconds
Method: createReservation, Latency: 0.007552599 seconds
Method: createReservation, Latency: 0.007155991 seconds
Method: createReservation, Latency: 0.007598626 seconds
Method: createReservation, Latency: 0.008743284 seconds
Method: createReservation, Latency: 0.009007772 seconds
Method: createReservation, Latency: 0.008292881 seconds
Method: createReservation, Latency: 0.007864087 seconds
Method: createReservation, Latency: 0.007783103 seconds
Method: createReservation, Latency: 0.00780489 seconds
Method: createReservation, Latency: 0.006652336 seconds
Method: createReservation, Latency: 0.007716678 seconds
Method: getReservation, Latency: 0.007026836 seconds
Method: getReservation, Latency: 0.0034404 seconds
Method: getReservation, Latency: 0.00315465 seconds
Method: getReservation, Latency: 0.003247187 seconds
Method: getReservation, Latency: 0.003656245 seconds
Method: getReservation, Latency: 0.003855465 seconds
Method: getReservation, Latency: 0.003327286 seconds
Method: getReservation, Latency: 0.003295338 seconds
Method: getReservation, Latency: 0.003336707 seconds
Method: getReservation, Latency: 0.002878014 seconds
Method: getReservation, Latency: 0.003206788 seconds
Method: getReservation, Latency: 0.00322266 seconds
Method: getReservation, Latency: 0.002957259 seconds
Method: getReservation, Latency: 0.003383845 seconds
Method: getReservation, Latency: 0.002933001 seconds
Method: getReservation, Latency: 0.003855324 seconds
Method: getReservation, Latency: 0.003411227 seconds
Method: getReservation, Latency: 0.003025995 seconds
Method: getReservation, Latency: 0.00331448 seconds
Method: getReservation, Latency: 0.002877595 seconds
Method: getReservation, Latency: 0.003219284 seconds
Method: getReservation, Latency: 0.003139229 seconds
Method: getReservation, Latency: 0.002831488 seconds
Method: getReservation, Latency: 0.003041824 seconds
Method: getReservation, Latency: 0.00285539 seconds
Method: getReservation, Latency: 0.003129874 seconds
Method: getReservation, Latency: 0.011607534 seconds
Method: deleteReservation, Latency: 0.013846336 seconds
Method: deleteReservation, Latency: 0.00530903 seconds
Method: deleteReservation, Latency: 0.003765395 seconds
Method: deleteReservation, Latency: 0.005285202 seconds
Method: deleteReservation, Latency: 0.004359536 seconds
Method: deleteReservation, Latency: 0.003180853 seconds
Method: deleteReservation, Latency: 0.004152332 seconds
Method: deleteReservation, Latency: 0.004442967 seconds
Method: deleteReservation, Latency: 0.004177771 seconds
Method: deleteReservation, Latency: 0.004792852 seconds
Method: deleteReservation, Latency: 0.004427158 seconds
Method: getReservation, Latency: 0.041720742 seconds
Method: getReservation, Latency: 0.036795512 seconds
Method: createReservation, Latency: 0.029198682 seconds
Method: getReservation, Latency: 0.003052684 seconds
Method: updateReservation, Latency: 0.008568789 seconds
Method: updateReservation, Latency: 0.006347762 seconds
Method: updateReservation, Latency: 0.005760771 seconds
Method: updateReservation, Latency: 0.005986624 seconds
Method: updateReservation, Latency: 0.005892217 seconds
Method: updateReservation, Latency: 0.005779927 seconds
Method: updateReservation, Latency: 0.005745783 seconds
Method: updateReservation, Latency: 0.005731151 seconds
Method: updateReservation, Latency: 0.006582108 seconds
Method: updateReservation, Latency: 0.006215465 seconds
Method: updateReservation, Latency: 0.006143142 seconds
Method: updateReservation, Latency: 0.00648672 seconds
Method: updateReservation, Latency: 0.00606972 seconds
Method: updateReservation, Latency: 0.006295545 seconds
Method: updateReservation, Latency: 0.00623836 seconds
Method: updateReservation, Latency: 0.006431951 seconds
Method: updateReservation, Latency: 0.006669241 seconds
Method: updateReservation, Latency: 0.006016489 seconds
Method: updateReservation, Latency: 0.0058939 seconds
Method: updateReservation, Latency: 0.006098823 seconds
Method: updateReservation, Latency: 0.006671942 seconds
Method: updateReservation, Latency: 0.005291843 seconds
Method: updateReservation, Latency: 0.005098839 seconds
Method: updateReservation, Latency: 0.00589406 seconds
Method: updateReservation, Latency: 0.005635677 seconds
Method: updateReservation, Latency: 0.005481038 seconds
Method: updateReservation, Latency: 0.005605548 seconds
Method: updateReservation, Latency: 0.00636036 seconds
Method: updateReservation, Latency: 0.005706544 seconds
Method: updateReservation, Latency: 0.005442238 seconds
Method: updateReservation, Latency: 0.006734988 seconds
Method: updateReservation, Latency: 0.00611795 seconds
Method: updateReservation, Latency: 0.005871771 seconds
Method: createReservation, Latency: 0.029754729 seconds
Method: createReservation, Latency: 0.029693811 seconds
Method: createReservation, Latency: 0.029697372 seconds
Method: createReservation, Latency: 0.029751781 seconds
Method: createReservation, Latency: 0.019309723 seconds
Method: createReservation, Latency: 0.005755961 seconds
Method: createReservation, Latency: 0.004846689 seconds
Method: createReservation, Latency: 0.004857161 seconds
Method: createReservation, Latency: 0.004696895 seconds
Method: createReservation, Latency: 0.005124157 seconds
Method: createReservation, Latency: 0.005529732 seconds
Method: createReservation, Latency: 0.004843691 seconds
Method: createReservation, Latency: 0.005797174 seconds
Method: createReservation, Latency: 0.005464317 seconds
Method: createReservation, Latency: 0.005162718 seconds
Method: createReservation, Latency: 0.004659044 seconds
Method: createReservation, Latency: 0.005736467 seconds
Method: createReservation, Latency: 0.004644009 seconds
Method: createReservation, Latency: 0.004947671 seconds
Method: createReservation, Latency: 0.004825676 seconds
Method: createReservation, Latency: 0.004782261 seconds
Method: createReservation, Latency: 0.005500751 seconds
Method: createReservation, Latency: 0.004801233 seconds
Method: createReservation, Latency: 0.004562328 seconds
Method: createReservation, Latency: 0.00578935 seconds
Method: createReservation, Latency: 0.004390919 seconds
Method: createReservation, Latency: 0.004420392 seconds
Method: createReservation, Latency: 0.004759785 seconds
Method: createReservation, Latency: 0.004709841 seconds
Method: createReservation, Latency: 0.004735881 seconds
Method: createReservation, Latency: 0.005935641 seconds
Method: createReservation, Latency: 0.004553422 seconds
Method: createReservation, Latency: 0.004719211 seconds
Method: createReservation, Latency: 0.004910964 seconds
Method: createReservation, Latency: 0.004530807 seconds
Method: createReservation, Latency: 0.009205197 seconds
Method: createReservation, Latency: 0.007653753 seconds
Method: createReservation, Latency: 0.004589272 seconds
Method: createReservation, Latency: 0.004718633 seconds
Method: createReservation, Latency: 0.004149551 seconds
Method: createReservation, Latency: 0.004275664 seconds
Method: createReservation, Latency: 0.004870165 seconds
Method: createReservation, Latency: 0.004909001 seconds
Method: createReservation, Latency: 0.004961846 seconds
Method: createReservation, Latency: 0.00446043 seconds
Method: createReservation, Latency: 0.00643847 seconds
Method: createReservation, Latency: 0.005837929 seconds
Method: createReservation, Latency: 0.00425057 seconds
Method: createReservation, Latency: 0.005238999 seconds
Method: createReservation, Latency: 0.006431489 seconds
Method: createReservation, Latency: 0.005113151 seconds
Method: createReservation, Latency: 0.004253102 seconds
Method: createReservation, Latency: 0.003956966 seconds
Method: createReservation, Latency: 0.003855063 seconds
Method: createReservation, Latency: 0.004767567 seconds
Method: createReservation, Latency: 0.004291223 seconds
Method: createReservation, Latency: 0.00398398 seconds
Method: createReservation, Latency: 0.003904319 seconds
Method: createReservation, Latency: 0.00427306 seconds
Method: createReservation, Latency: 0.004641702 seconds
Method: createReservation, Latency: 0.004042242 seconds
Method: createReservation, Latency: 0.003967822 seconds
Method: createReservation, Latency: 0.003941707 seconds
Method: createReservation, Latency: 0.004059975 seconds
Method: createReservation, Latency: 0.003857749 seconds
Method: createReservation, Latency: 0.003759128 seconds
Method: createReservation, Latency: 0.004855536 seconds
Method: createReservation, Latency: 0.003896097 seconds
Method: createReservation, Latency: 0.003794103 seconds
Method: createReservation, Latency: 0.004142497 seconds
Method: createReservation, Latency: 0.031067145 seconds
Method: createReservation, Latency: 0.031061003 seconds
Method: createReservation, Latency: 0.031031692 seconds
Method: createReservation, Latency: 0.005789581 seconds
Method: createReservation, Latency: 0.006441965 seconds
Method: createReservation, Latency: 0.005930404 seconds
Method: createReservation, Latency: 0.005662451 seconds
Method: createReservation, Latency: 0.005709865 seconds
Method: createReservation, Latency: 0.006247028 seconds
Method: createReservation, Latency: 0.005703252 seconds
Method: createReservation, Latency: 0.006628192 seconds
Method: createReservation, Latency: 0.007129006 seconds
Method: createReservation, Latency: 0.005233698 seconds
Method: createReservation, Latency: 0.005575086 seconds
Method: createReservation, Latency: 0.005331962 seconds
Method: createReservation, Latency: 0.005276364 seconds
Method: createReservation, Latency: 0.005199759 seconds
Method: createReservation, Latency: 0.004914026 seconds
Method: createReservation, Latency: 0.005098867 seconds
Method: createReservation, Latency: 0.005269389 seconds
Method: createReservation, Latency: 0.006713843 seconds
Method: createReservation, Latency: 0.005696943 seconds
Method: createReservation, Latency: 0.005244319 seconds
Method: createReservation, Latency: 0.005294 seconds
Method: createReservation, Latency: 0.005126624 seconds
Method: createReservation, Latency: 0.00523909 seconds
Method: createReservation, Latency: 0.005131679 seconds
Method: createReservation, Latency: 0.005159475 seconds
Method: createReservation, Latency: 0.005414379 seconds
Method: createReservation, Latency: 0.005804309 seconds
Method: updateReservation, Latency: 1.41657E-4 seconds
Method: updateReservation, Latency: 8.0118E-5 seconds
Method: updateReservation, Latency: 0.022591272 seconds
Method: updateReservation, Latency: 0.007986671 seconds
Method: updateReservation, Latency: 0.007764704 seconds
Method: updateReservation, Latency: 0.006770938 seconds
Method: updateReservation, Latency: 0.007052666 seconds
Method: updateReservation, Latency: 0.006197314 seconds
Method: updateReservation, Latency: 0.005969105 seconds
Method: updateReservation, Latency: 0.008543299 seconds
Method: updateReservation, Latency: 0.007748203 seconds
Method: updateReservation, Latency: 0.009089425 seconds
Method: updateReservation, Latency: 0.005539607 seconds
Method: updateReservation, Latency: 0.006241448 seconds
Method: updateReservation, Latency: 0.011829808 seconds
Method: updateReservation, Latency: 0.007110726 seconds
Method: updateReservation, Latency: 0.009940525 seconds
Method: updateReservation, Latency: 0.006482779 seconds
Method: updateReservation, Latency: 0.004480947 seconds
Method: updateReservation, Latency: 0.005569385 seconds
Method: updateReservation, Latency: 0.006581499 seconds
Method: updateReservation, Latency: 0.006943272 seconds
Method: updateReservation, Latency: 0.00628822 seconds
Method: updateReservation, Latency: 0.009202133 seconds
Method: updateReservation, Latency: 0.006738901 seconds
Method: updateReservation, Latency: 0.005275243 seconds
Method: updateReservation, Latency: 0.004566908 seconds
Method: updateReservation, Latency: 0.006202022 seconds
Method: updateReservation, Latency: 0.004861927 seconds
Method: updateReservation, Latency: 0.005142265 seconds
Method: updateReservation, Latency: 0.005334363 seconds
Method: updateReservation, Latency: 0.00534291 seconds
Method: updateReservation, Latency: 0.005373264 seconds
Method: updateReservation, Latency: 0.004701399 seconds
Method: updateReservation, Latency: 0.004477317 seconds
Method: updateReservation, Latency: 0.008492222 seconds
Method: updateReservation, Latency: 0.005821406 seconds
Method: updateReservation, Latency: 0.006832295 seconds
Method: updateReservation, Latency: 0.005118238 seconds
Method: updateReservation, Latency: 0.006231238 seconds
Method: updateReservation, Latency: 0.005721005 seconds
Method: updateReservation, Latency: 0.005003074 seconds
Method: updateReservation, Latency: 0.006790132 seconds
Method: updateReservation, Latency: 0.009003611 seconds
Method: updateReservation, Latency: 0.006149301 seconds
Method: updateReservation, Latency: 0.005246509 seconds
Method: updateReservation, Latency: 0.008933933 seconds
Method: updateReservation, Latency: 0.00445953 seconds
Method: updateReservation, Latency: 0.004399782 seconds
Method: updateReservation, Latency: 0.005380472 seconds
Method: updateReservation, Latency: 0.004077688 seconds
Method: updateReservation, Latency: 0.00395254 seconds
Method: updateReservation, Latency: 0.004373639 seconds
Method: updateReservation, Latency: 0.003837369 seconds
Method: updateReservation, Latency: 0.004166935 seconds
Method: updateReservation, Latency: 0.003429876 seconds
Method: updateReservation, Latency: 0.003919776 seconds
Method: updateReservation, Latency: 0.005343999 seconds
Method: updateReservation, Latency: 0.004399992 seconds
Method: updateReservation, Latency: 0.004154558 seconds
Method: updateReservation, Latency: 0.003778479 seconds
Method: updateReservation, Latency: 0.004045834 seconds
Method: updateReservation, Latency: 0.004233209 seconds
Method: updateReservation, Latency: 0.007670541 seconds
Method: updateReservation, Latency: 0.006716067 seconds
Method: updateReservation, Latency: 0.005532695 seconds
Method: updateReservation, Latency: 0.004908623 seconds
Method: updateReservation, Latency: 0.007456984 seconds
Method: updateReservation, Latency: 0.003521359 seconds
Method: updateReservation, Latency: 0.006629393 seconds
Method: updateReservation, Latency: 0.0045461 seconds
Method: updateReservation, Latency: 0.003826971 seconds
Method: updateReservation, Latency: 0.004404706 seconds
Method: updateReservation, Latency: 0.003678057 seconds
Method: updateReservation, Latency: 0.003593037 seconds
Method: updateReservation, Latency: 0.004499097 seconds
Method: updateReservation, Latency: 0.003538651 seconds
Method: updateReservation, Latency: 0.003496987 seconds
Method: updateReservation, Latency: 0.003672703 seconds
Method: updateReservation, Latency: 0.002984169 seconds
Method: getAllReservations, Latency: 0.026544179 seconds
Method: getAllReservations, Latency: 0.017719655 seconds
Method: getReservation, Latency: 0.002026445 seconds
Method: getReservation, Latency: 0.001807285 seconds
Method: getReservation, Latency: 0.001489733 seconds
Method: getReservation, Latency: 0.001827944 seconds
Method: getReservation, Latency: 0.00168522 seconds
Method: getReservation, Latency: 0.001951938 seconds
Method: getReservation, Latency: 0.001733225 seconds
Method: getReservation, Latency: 0.001692455 seconds
Method: getReservation, Latency: 0.001609855 seconds
Method: getReservation, Latency: 0.001638255 seconds
Method: getReservation, Latency: 0.001723126 seconds
Method: getReservation, Latency: 0.001851908 seconds
Method: getReservation, Latency: 0.001763237 seconds
Method: getReservation, Latency: 0.002032216 seconds
Method: getReservation, Latency: 0.002048305 seconds
Method: getReservation, Latency: 0.001987488 seconds
Method: getReservation, Latency: 0.001788797 seconds
Method: getReservation, Latency: 0.001878037 seconds
Method: getReservation, Latency: 0.00198583 seconds
Method: getReservation, Latency: 0.002471882 seconds
Method: getReservation, Latency: 0.001860679 seconds
Method: getReservation, Latency: 0.001727604 seconds
Method: getReservation, Latency: 0.001958935 seconds
Method: getReservation, Latency: 0.001580297 seconds
Method: getReservation, Latency: 0.001487366 seconds
Method: getReservation, Latency: 0.001853836 seconds
Method: getReservation, Latency: 0.002353159 seconds
Method: getReservation, Latency: 0.001931591 seconds
Method: getReservation, Latency: 0.001867026 seconds
Method: getReservation, Latency: 0.001696238 seconds
Method: getAllReservations, Latency: 0.0207499 seconds
Method: getAllReservations, Latency: 0.023983971 seconds
Method: getAllReservations, Latency: 0.018698319 seconds
Method: getAllReservations, Latency: 0.019565229 seconds
Method: getAllReservations, Latency: 0.017283257 seconds
Method: getAllReservations, Latency: 0.017891538 seconds
Method: getAllReservations, Latency: 0.018438121 seconds
Method: getAllReservations, Latency: 0.022658036 seconds
Method: getAllReservations, Latency: 0.018976999 seconds
Method: getAllReservations, Latency: 0.018427578 seconds
Method: getAllReservations, Latency: 0.017967379 seconds
Method: getAllReservations, Latency: 0.017956575 seconds
Method: getAllReservations, Latency: 0.01733209 seconds
Method: getAllReservations, Latency: 0.017990029 seconds
Method: getAllReservations, Latency: 0.017303096 seconds
Method: getAllReservations, Latency: 0.017939729 seconds
Method: createReservation, Latency: 0.013481375 seconds
Method: createReservation, Latency: 0.00520215 seconds
Method: createReservation, Latency: 0.006805884 seconds
Method: createReservation, Latency: 0.005110832 seconds
Method: createReservation, Latency: 0.005408552 seconds
Method: createReservation, Latency: 0.004874637 seconds
Method: createReservation, Latency: 0.004434894 seconds
Method: createReservation, Latency: 0.004972294 seconds
Method: createReservation, Latency: 0.00543304 seconds
Method: createReservation, Latency: 0.004989721 seconds
Method: createReservation, Latency: 0.003937509 seconds
Method: getReservation, Latency: 0.001635034 seconds
Method: getReservation, Latency: 0.001621245 seconds
Method: getReservation, Latency: 0.00157614 seconds
Method: getReservation, Latency: 0.00171663 seconds
Method: getReservation, Latency: 0.001596106 seconds
Method: getReservation, Latency: 0.001640238 seconds
Method: getReservation, Latency: 0.001408923 seconds
Method: getReservation, Latency: 0.001503752 seconds
Method: getReservation, Latency: 0.001518198 seconds
Method: getReservation, Latency: 0.001686246 seconds
Method: deleteReservation, Latency: 0.023867221 seconds
Method: deleteReservation, Latency: 0.003253013 seconds
Method: deleteReservation, Latency: 0.003087254 seconds
Method: deleteReservation, Latency: 0.00140969 seconds
